# JRE version: Java(TM) SE Runtime Environment (18.0+36) (build 18+36-2087)
# Java VM: Java HotSpot(TM) 64-Bit Server VM (18+36-2087, mixed mode, sharing, tiered, compressed oops, compressed class ptrs, g1 gc, windows-amd64)
GC Precious Log:
 CardTable entry size: 512
 Card Set container configuration: InlinePtr #cards 4 size 8 Array Of Cards #cards 16 size 48 Howl #buckets 8 coarsen threshold 3686 Howl Bitmap #cards 512 size 80 coarsen threshold 460 Card regions per heap region 1 cards per card region 4096
 CPUs: 8 total, 8 available
 Memory: 16236M
 Large Page Support: Disabled
 NUMA Support: Disabled
 Compressed Oops: Enabled (Zero based)
 Heap Region Size: 2M
 Heap Min Capacity: 8M
 Heap Initial Capacity: 254M
 Heap Max Capacity: 4060M
 Pre-touch: Disabled
 Parallel Workers: 8
 Concurrent Workers: 2
 Concurrent Refinement Workers: 8
 Periodic GC: Disabled
Heap:
 garbage-first heap   total 219136K, used 147226K [0x0000000702400000, 0x0000000800000000)
  region size 2048K, 42 young (86016K), 5 survivors (10240K)
 Metaspace       used 103249K, committed 104512K, reserved 1179648K
  class space    used 13366K, committed 14016K, reserved 1048576K
GC Heap History (20 events):
Event: 21.947 GC heap before
{Heap before GC invocations=35 (full 0):
 garbage-first heap   total 178176K, used 135410K [0x0000000702400000, 0x0000000800000000)
  region size 2048K, 23 young (47104K), 4 survivors (8192K)
 Metaspace       used 75873K, committed 76864K, reserved 1179648K
  class space    used 9363K, committed 9856K, reserved 1048576K
}
Event: 21.953 GC heap after
{Heap after GC invocations=36 (full 0):
 garbage-first heap   total 178176K, used 99070K [0x0000000702400000, 0x0000000800000000)
  region size 2048K, 1 young (2048K), 1 survivors (2048K)
 Metaspace       used 75873K, committed 76864K, reserved 1179648K
  class space    used 9363K, committed 9856K, reserved 1048576K
}
Event: 23.152 GC heap before
{Heap before GC invocations=37 (full 0):
 garbage-first heap   total 178176K, used 129790K [0x0000000702400000, 0x0000000800000000)
  region size 2048K, 20 young (40960K), 1 survivors (2048K)
 Metaspace       used 76306K, committed 77312K, reserved 1179648K
  class space    used 9415K, committed 9920K, reserved 1048576K
}
Event: 23.154 GC heap after
{Heap after GC invocations=38 (full 0):
 garbage-first heap   total 178176K, used 90622K [0x0000000702400000, 0x0000000800000000)
  region size 2048K, 1 young (2048K), 1 survivors (2048K)
 Metaspace       used 76306K, committed 77312K, reserved 1179648K
  class space    used 9415K, committed 9920K, reserved 1048576K
}
Event: 23.212 GC heap before
{Heap before GC invocations=38 (full 0):
 garbage-first heap   total 178176K, used 96766K [0x0000000702400000, 0x0000000800000000)
  region size 2048K, 4 young (8192K), 1 survivors (2048K)
 Metaspace       used 76486K, committed 77504K, reserved 1179648K
  class space    used 9432K, committed 9920K, reserved 1048576K
}
Event: 23.215 GC heap after
{Heap after GC invocations=39 (full 0):
 garbage-first heap   total 178176K, used 80425K [0x0000000702400000, 0x0000000800000000)
  region size 2048K, 1 young (2048K), 1 survivors (2048K)
 Metaspace       used 76486K, committed 77504K, reserved 1179648K
  class space    used 9432K, committed 9920K, reserved 1048576K
}
Event: 24.181 GC heap before
{Heap before GC invocations=39 (full 0):
 garbage-first heap   total 178176K, used 131625K [0x0000000702400000, 0x0000000800000000)
  region size 2048K, 27 young (55296K), 1 survivors (2048K)
 Metaspace       used 79182K, committed 80128K, reserved 1179648K
  class space    used 9825K, committed 10304K, reserved 1048576K
}
Event: 24.187 GC heap after
{Heap after GC invocations=40 (full 0):
 garbage-first heap   total 219136K, used 81284K [0x0000000702400000, 0x0000000800000000)
  region size 2048K, 1 young (2048K), 1 survivors (2048K)
 Metaspace       used 79182K, committed 80128K, reserved 1179648K
  class space    used 9825K, committed 10304K, reserved 1048576K
}
Event: 25.130 GC heap before
{Heap before GC invocations=41 (full 0):
 garbage-first heap   total 219136K, used 152964K [0x0000000702400000, 0x0000000800000000)
  region size 2048K, 42 young (86016K), 1 survivors (2048K)
 Metaspace       used 83896K, committed 84864K, reserved 1179648K
  class space    used 10722K, committed 11200K, reserved 1048576K
}
Event: 25.134 GC heap after
{Heap after GC invocations=42 (full 0):
 garbage-first heap   total 219136K, used 69871K [0x0000000702400000, 0x0000000800000000)
  region size 2048K, 2 young (4096K), 2 survivors (4096K)
 Metaspace       used 83896K, committed 84864K, reserved 1179648K
  class space    used 10722K, committed 11200K, reserved 1048576K
}
Event: 25.182 GC heap before
{Heap before GC invocations=42 (full 0):
 garbage-first heap   total 219136K, used 76015K [0x0000000702400000, 0x0000000800000000)
  region size 2048K, 5 young (10240K), 2 survivors (4096K)
 Metaspace       used 84265K, committed 85248K, reserved 1179648K
  class space    used 10783K, committed 11264K, reserved 1048576K
}
Event: 25.184 GC heap after
{Heap after GC invocations=43 (full 0):
 garbage-first heap   total 219136K, used 57871K [0x0000000702400000, 0x0000000800000000)
  region size 2048K, 1 young (2048K), 1 survivors (2048K)
 Metaspace       used 84265K, committed 85248K, reserved 1179648K
  class space    used 10783K, committed 11264K, reserved 1048576K
}
Event: 27.317 GC heap before
{Heap before GC invocations=43 (full 0):
 garbage-first heap   total 219136K, used 164367K [0x0000000702400000, 0x0000000800000000)
  region size 2048K, 53 young (108544K), 1 survivors (2048K)
 Metaspace       used 89731K, committed 90752K, reserved 1179648K
  class space    used 11625K, committed 12096K, reserved 1048576K
}
Event: 27.323 GC heap after
{Heap after GC invocations=44 (full 0):
 garbage-first heap   total 219136K, used 59987K [0x0000000702400000, 0x0000000800000000)
  region size 2048K, 2 young (4096K), 2 survivors (4096K)
 Metaspace       used 89731K, committed 90752K, reserved 1179648K
  class space    used 11625K, committed 12096K, reserved 1048576K
}
Event: 108.463 GC heap before
{Heap before GC invocations=44 (full 0):
 garbage-first heap   total 219136K, used 174675K [0x0000000702400000, 0x0000000800000000)
  region size 2048K, 55 young (112640K), 2 survivors (4096K)
 Metaspace       used 94703K, committed 95936K, reserved 1179648K
  class space    used 12169K, committed 12800K, reserved 1048576K
}
Event: 108.468 GC heap after
{Heap after GC invocations=45 (full 0):
 garbage-first heap   total 219136K, used 72721K [0x0000000702400000, 0x0000000800000000)
  region size 2048K, 4 young (8192K), 4 survivors (8192K)
 Metaspace       used 94703K, committed 95936K, reserved 1179648K
  class space    used 12169K, committed 12800K, reserved 1048576K
}
Event: 703.918 GC heap before
{Heap before GC invocations=45 (full 0):
 garbage-first heap   total 219136K, used 173073K [0x0000000702400000, 0x0000000800000000)
  region size 2048K, 53 young (108544K), 4 survivors (8192K)
 Metaspace       used 95274K, committed 96448K, reserved 1179648K
  class space    used 12178K, committed 12800K, reserved 1048576K
}
Event: 703.923 GC heap after
{Heap after GC invocations=46 (full 0):
 garbage-first heap   total 219136K, used 73373K [0x0000000702400000, 0x0000000800000000)
  region size 2048K, 4 young (8192K), 4 survivors (8192K)
 Metaspace       used 95274K, committed 96448K, reserved 1179648K
  class space    used 12178K, committed 12800K, reserved 1048576K
}
Event: 1218.527 GC heap before
{Heap before GC invocations=46 (full 0):
 garbage-first heap   total 219136K, used 175773K [0x0000000702400000, 0x0000000800000000)
  region size 2048K, 54 young (110592K), 4 survivors (8192K)
 Metaspace       used 99085K, committed 100288K, reserved 1179648K
  class space    used 12704K, committed 13312K, reserved 1048576K
}
Event: 1218.533 GC heap after
{Heap after GC invocations=47 (full 0):
 garbage-first heap   total 219136K, used 75546K [0x0000000702400000, 0x0000000800000000)
  region size 2048K, 5 young (10240K), 5 survivors (10240K)
 Metaspace       used 99085K, committed 100288K, reserved 1179648K
  class space    used 12704K, committed 13312K, reserved 1048576K
}

