# JRE version: Java(TM) SE Runtime Environment (18.0+36) (build 18+36-2087)
# Java VM: Java HotSpot(TM) 64-Bit Server VM (18+36-2087, mixed mode, sharing, tiered, compressed oops, compressed class ptrs, g1 gc, windows-amd64)
GC Precious Log:
 CardTable entry size: 512
 Card Set container configuration: InlinePtr #cards 4 size 8 Array Of Cards #cards 16 size 48 Howl #buckets 8 coarsen threshold 3686 Howl Bitmap #cards 512 size 80 coarsen threshold 460 Card regions per heap region 1 cards per card region 4096
 CPUs: 8 total, 8 available
 Memory: 16236M
 Large Page Support: Disabled
 NUMA Support: Disabled
 Compressed Oops: Enabled (Zero based)
 Heap Region Size: 2M
 Heap Min Capacity: 8M
 Heap Initial Capacity: 254M
 Heap Max Capacity: 4060M
 Pre-touch: Disabled
 Parallel Workers: 8
 Concurrent Workers: 2
 Concurrent Refinement Workers: 8
 Periodic GC: Disabled
Heap:
 garbage-first heap   total 274432K, used 165545K [0x0000000702400000, 0x0000000800000000)
  region size 2048K, 52 young (106496K), 2 survivors (4096K)
 Metaspace       used 98219K, committed 99392K, reserved 1179648K
  class space    used 12787K, committed 13376K, reserved 1048576K
GC Heap History (20 events):
Event: 22.509 GC heap before
{Heap before GC invocations=32 (full 0):
 garbage-first heap   total 137216K, used 104624K [0x0000000702400000, 0x0000000800000000)
  region size 2048K, 26 young (53248K), 5 survivors (10240K)
 Metaspace       used 74134K, committed 75072K, reserved 1179648K
  class space    used 9110K, committed 9600K, reserved 1048576K
}
Event: 22.522 GC heap after
{Heap after GC invocations=33 (full 0):
 garbage-first heap   total 137216K, used 74007K [0x0000000702400000, 0x0000000800000000)
  region size 2048K, 4 young (8192K), 4 survivors (8192K)
 Metaspace       used 74134K, committed 75072K, reserved 1179648K
  class space    used 9110K, committed 9600K, reserved 1048576K
}
Event: 22.565 GC heap before
{Heap before GC invocations=33 (full 0):
 garbage-first heap   total 137216K, used 80151K [0x0000000702400000, 0x0000000800000000)
  region size 2048K, 9 young (18432K), 4 survivors (8192K)
 Metaspace       used 74134K, committed 75072K, reserved 1179648K
  class space    used 9110K, committed 9600K, reserved 1048576K
}
Event: 22.571 GC heap after
{Heap after GC invocations=34 (full 0):
 garbage-first heap   total 169984K, used 78993K [0x0000000702400000, 0x0000000800000000)
  region size 2048K, 2 young (4096K), 2 survivors (4096K)
 Metaspace       used 74134K, committed 75072K, reserved 1179648K
  class space    used 9110K, committed 9600K, reserved 1048576K
}
Event: 22.748 GC heap before
{Heap before GC invocations=34 (full 0):
 garbage-first heap   total 169984K, used 124049K [0x0000000702400000, 0x0000000800000000)
  region size 2048K, 24 young (49152K), 2 survivors (4096K)
 Metaspace       used 74174K, committed 75136K, reserved 1179648K
  class space    used 9110K, committed 9600K, reserved 1048576K
}
Event: 22.755 GC heap after
{Heap after GC invocations=35 (full 0):
 garbage-first heap   total 169984K, used 89464K [0x0000000702400000, 0x0000000800000000)
  region size 2048K, 3 young (6144K), 3 survivors (6144K)
 Metaspace       used 74174K, committed 75136K, reserved 1179648K
  class space    used 9110K, committed 9600K, reserved 1048576K
}
Event: 23.109 GC heap before
{Heap before GC invocations=35 (full 0):
 garbage-first heap   total 169984K, used 126328K [0x0000000702400000, 0x0000000800000000)
  region size 2048K, 22 young (45056K), 3 survivors (6144K)
 Metaspace       used 74585K, committed 75584K, reserved 1179648K
  class space    used 9181K, committed 9664K, reserved 1048576K
}
Event: 23.120 GC heap after
{Heap after GC invocations=36 (full 0):
 garbage-first heap   total 169984K, used 96946K [0x0000000702400000, 0x0000000800000000)
  region size 2048K, 3 young (6144K), 3 survivors (6144K)
 Metaspace       used 74585K, committed 75584K, reserved 1179648K
  class space    used 9181K, committed 9664K, reserved 1048576K
}
Event: 23.597 GC heap before
{Heap before GC invocations=37 (full 0):
 garbage-first heap   total 169984K, used 123570K [0x0000000702400000, 0x0000000800000000)
  region size 2048K, 18 young (36864K), 3 survivors (6144K)
 Metaspace       used 75487K, committed 76480K, reserved 1179648K
  class space    used 9313K, committed 9792K, reserved 1048576K
}
Event: 23.604 GC heap after
{Heap after GC invocations=38 (full 0):
 garbage-first heap   total 169984K, used 95180K [0x0000000702400000, 0x0000000800000000)
  region size 2048K, 1 young (2048K), 1 survivors (2048K)
 Metaspace       used 75487K, committed 76480K, reserved 1179648K
  class space    used 9313K, committed 9792K, reserved 1048576K
}
Event: 23.683 GC heap before
{Heap before GC invocations=38 (full 0):
 garbage-first heap   total 169984K, used 101324K [0x0000000702400000, 0x0000000800000000)
  region size 2048K, 4 young (8192K), 1 survivors (2048K)
 Metaspace       used 75604K, committed 76544K, reserved 1179648K
  class space    used 9333K, committed 9792K, reserved 1048576K
}
Event: 23.689 GC heap after
{Heap after GC invocations=39 (full 0):
 garbage-first heap   total 169984K, used 78503K [0x0000000702400000, 0x0000000800000000)
  region size 2048K, 1 young (2048K), 1 survivors (2048K)
 Metaspace       used 75604K, committed 76544K, reserved 1179648K
  class space    used 9333K, committed 9792K, reserved 1048576K
}
Event: 24.513 GC heap before
{Heap before GC invocations=39 (full 0):
 garbage-first heap   total 169984K, used 123559K [0x0000000702400000, 0x0000000800000000)
  region size 2048K, 23 young (47104K), 1 survivors (2048K)
 Metaspace       used 76456K, committed 77440K, reserved 1179648K
  class space    used 9452K, committed 9920K, reserved 1048576K
}
Event: 24.518 GC heap after
{Heap after GC invocations=40 (full 0):
 garbage-first heap   total 288768K, used 79130K [0x0000000702400000, 0x0000000800000000)
  region size 2048K, 1 young (2048K), 1 survivors (2048K)
 Metaspace       used 76456K, committed 77440K, reserved 1179648K
  class space    used 9452K, committed 9920K, reserved 1048576K
}
Event: 26.364 GC heap before
{Heap before GC invocations=41 (full 0):
 garbage-first heap   total 274432K, used 199962K [0x0000000702400000, 0x0000000800000000)
  region size 2048K, 64 young (131072K), 1 survivors (2048K)
 Metaspace       used 83577K, committed 84608K, reserved 1179648K
  class space    used 10688K, committed 11200K, reserved 1048576K
}
Event: 26.370 GC heap after
{Heap after GC invocations=42 (full 0):
 garbage-first heap   total 274432K, used 72687K [0x0000000702400000, 0x0000000800000000)
  region size 2048K, 2 young (4096K), 2 survivors (4096K)
 Metaspace       used 83577K, committed 84608K, reserved 1179648K
  class space    used 10688K, committed 11200K, reserved 1048576K
}
Event: 26.472 GC heap before
{Heap before GC invocations=42 (full 0):
 garbage-first heap   total 274432K, used 80879K [0x0000000702400000, 0x0000000800000000)
  region size 2048K, 6 young (12288K), 2 survivors (4096K)
 Metaspace       used 84142K, committed 85248K, reserved 1179648K
  class space    used 10773K, committed 11328K, reserved 1048576K
}
Event: 26.476 GC heap after
{Heap after GC invocations=43 (full 0):
 garbage-first heap   total 274432K, used 62832K [0x0000000702400000, 0x0000000800000000)
  region size 2048K, 1 young (2048K), 1 survivors (2048K)
 Metaspace       used 84142K, committed 85248K, reserved 1179648K
  class space    used 10773K, committed 11328K, reserved 1048576K
}
Event: 28.129 GC heap before
{Heap before GC invocations=43 (full 0):
 garbage-first heap   total 274432K, used 195952K [0x0000000702400000, 0x0000000800000000)
  region size 2048K, 67 young (137216K), 1 survivors (2048K)
 Metaspace       used 92207K, committed 93312K, reserved 1179648K
  class space    used 11964K, committed 12480K, reserved 1048576K
}
Event: 28.133 GC heap after
{Heap after GC invocations=44 (full 0):
 garbage-first heap   total 274432K, used 65193K [0x0000000702400000, 0x0000000800000000)
  region size 2048K, 2 young (4096K), 2 survivors (4096K)
 Metaspace       used 92207K, committed 93312K, reserved 1179648K
  class space    used 11964K, committed 12480K, reserved 1048576K
}

